C:\USERS\CREEC\DESKTOP\SILENT\SILENT\STEALTH\OFFLINE FILES\SILENT\SILENT\DEBUG\BYPASSES.OBJ
C:\Users\creec\Desktop\silent\silent\stealth\offline files\silent\silent\Debug\cl.command.1.tlog
C:\Users\creec\Desktop\silent\silent\stealth\offline files\silent\silent\Debug\CL.read.1.tlog
C:\Users\creec\Desktop\silent\silent\stealth\offline files\silent\silent\Debug\CL.write.1.tlog
C:\USERS\CREEC\DESKTOP\SILENT\SILENT\STEALTH\OFFLINE FILES\SILENT\SILENT\DEBUG\DASHCALLS.OBJ
C:\USERS\CREEC\DESKTOP\SILENT\SILENT\STEALTH\OFFLINE FILES\SILENT\SILENT\DEBUG\DETOUR.OBJ
C:\USERS\CREEC\DESKTOP\SILENT\SILENT\STEALTH\OFFLINE FILES\SILENT\SILENT\DEBUG\INI.OBJ
C:\USERS\CREEC\DESKTOP\SILENT\SILENT\STEALTH\OFFLINE FILES\SILENT\SILENT\DEBUG\INIREADER.OBJ
C:\Users\creec\Desktop\silent\silent\stealth\offline files\silent\silent\Debug\link.command.1.tlog
C:\Users\creec\Desktop\silent\silent\stealth\offline files\silent\silent\Debug\link.read.1.tlog
C:\Users\creec\Desktop\silent\silent\stealth\offline files\silent\silent\Debug\link.write.1.tlog
C:\USERS\CREEC\DESKTOP\SILENT\SILENT\STEALTH\OFFLINE FILES\SILENT\SILENT\DEBUG\OFFLINEHOOKS.OBJ
C:\USERS\CREEC\DESKTOP\SILENT\SILENT\STEALTH\OFFLINE FILES\SILENT\SILENT\DEBUG\SILENT.EXE
C:\USERS\CREEC\DESKTOP\SILENT\SILENT\STEALTH\OFFLINE FILES\SILENT\SILENT\DEBUG\SILENT.OBJ
C:\USERS\CREEC\DESKTOP\SILENT\SILENT\STEALTH\OFFLINE FILES\SILENT\SILENT\DEBUG\SILENT.PCH
C:\USERS\CREEC\DESKTOP\SILENT\SILENT\STEALTH\OFFLINE FILES\SILENT\SILENT\DEBUG\SILENT.PDB
C:\Users\creec\Desktop\silent\silent\stealth\offline files\silent\silent\Debug\silent.xdb
C:\Users\creec\Desktop\silent\silent\stealth\offline files\silent\silent\Debug\silent.xex
C:\USERS\CREEC\DESKTOP\SILENT\SILENT\STEALTH\OFFLINE FILES\SILENT\SILENT\DEBUG\SILENTINI.OBJ
C:\USERS\CREEC\DESKTOP\SILENT\SILENT\STEALTH\OFFLINE FILES\SILENT\SILENT\DEBUG\STDAFX.OBJ
C:\USERS\CREEC\DESKTOP\SILENT\SILENT\STEALTH\OFFLINE FILES\SILENT\SILENT\DEBUG\SYSTEM.OBJ
C:\USERS\CREEC\DESKTOP\SILENT\SILENT\STEALTH\OFFLINE FILES\SILENT\SILENT\DEBUG\TITLE.OBJ
C:\USERS\CREEC\DESKTOP\SILENT\SILENT\STEALTH\OFFLINE FILES\SILENT\SILENT\DEBUG\TOOLS.OBJ
C:\USERS\CREEC\DESKTOP\SILENT\SILENT\STEALTH\OFFLINE FILES\SILENT\SILENT\DEBUG\UI.OBJ
C:\Users\creec\Desktop\silent\silent\stealth\offline files\silent\silent\Debug\vc100.idb
C:\USERS\CREEC\DESKTOP\SILENT\SILENT\STEALTH\OFFLINE FILES\SILENT\SILENT\DEBUG\VC100.PDB
C:\USERS\CREEC\DESKTOP\SILENT\SILENT\STEALTH\OFFLINE FILES\SILENT\SILENT\DEBUG\XINI.OBJ
